<?xml version="1.0" encoding="utf-8"?><testsuites name="pytest tests"><testsuite name="pytest" errors="0" failures="0" skipped="0" tests="11" time="3.583" timestamp="2026-06-30T14:58:33.296763+00:00" hostname="agent-env-697e2db0-0d53-4ebf-ae0e-c3152d472019"><testcase classname="backend.tests.test_roast_session_v11.TestSessionAbandon" name="test_abandon_deducts_gems_and_returns_roast" time="0.868" /><testcase classname="backend.tests.test_roast_session_v11.TestSessionAbandon" name="test_abandon_requires_auth" time="0.103" /><testcase classname="backend.tests.test_roast_session_v11.TestRoastsCheck" name="test_returns_empty_when_disabled" time="0.274" /><testcase classname="backend.tests.test_roast_session_v11.TestRoastsCheck" name="test_returns_list_when_enabled" time="0.246" /><testcase classname="backend.tests.test_roast_session_v11.TestRoastsCheck" name="test_requires_auth" time="0.106" /><testcase classname="backend.tests.test_roast_session_v11.TestNotificationSettings" name="test_toggle_roast_enabled_persists" time="0.870" /><testcase classname="backend.tests.test_roast_session_v11.TestRegressionSmoke" name="test_login_focus" time="0.338" /><testcase classname="backend.tests.test_roast_session_v11.TestRegressionSmoke" name="test_login_game" time="0.334" /><testcase classname="backend.tests.test_roast_session_v11.TestRegressionSmoke" name="test_habits_endpoint" time="0.103" /><testcase classname="backend.tests.test_roast_session_v11.TestRegressionSmoke" name="test_shop_focus" time="0.101" /><testcase classname="backend.tests.test_roast_session_v11.TestRegressionSmoke" name="test_shop_game" time="0.130" /></testsuite></testsuites>