<?xml version="1.0" encoding="utf-8"?><testsuites name="pytest tests"><testsuite name="pytest" errors="0" failures="0" skipped="0" tests="11" time="3.770" timestamp="2026-05-11T19:31:25.412673+00:00" hostname="agent-env-697e2db0-0d53-4ebf-ae0e-c3152d472019"><testcase classname="backend.tests.test_roast_session_v11.TestSessionAbandon" name="test_abandon_deducts_gems_and_returns_roast" time="0.842" /><testcase classname="backend.tests.test_roast_session_v11.TestSessionAbandon" name="test_abandon_requires_auth" time="0.139" /><testcase classname="backend.tests.test_roast_session_v11.TestRoastsCheck" name="test_returns_empty_when_disabled" time="0.229" /><testcase classname="backend.tests.test_roast_session_v11.TestRoastsCheck" name="test_returns_list_when_enabled" time="0.334" /><testcase classname="backend.tests.test_roast_session_v11.TestRoastsCheck" name="test_requires_auth" time="0.151" /><testcase classname="backend.tests.test_roast_session_v11.TestNotificationSettings" name="test_toggle_roast_enabled_persists" time="0.927" /><testcase classname="backend.tests.test_roast_session_v11.TestRegressionSmoke" name="test_login_focus" time="0.332" /><testcase classname="backend.tests.test_roast_session_v11.TestRegressionSmoke" name="test_login_game" time="0.379" /><testcase classname="backend.tests.test_roast_session_v11.TestRegressionSmoke" name="test_habits_endpoint" time="0.118" /><testcase classname="backend.tests.test_roast_session_v11.TestRegressionSmoke" name="test_shop_focus" time="0.140" /><testcase classname="backend.tests.test_roast_session_v11.TestRegressionSmoke" name="test_shop_game" time="0.106" /></testsuite></testsuites>