<?xml version="1.0" encoding="utf-8"?><testsuites name="pytest tests"><testsuite name="pytest" errors="0" failures="0" skipped="1" tests="10" time="1.715" timestamp="2026-04-21T04:42:28.230539+00:00" hostname="agent-env-697e2db0-0d53-4ebf-ae0e-c3152d472019"><testcase classname="backend.tests.test_iteration_8.TestAuth" name="test_admin_login" time="0.540" /><testcase classname="backend.tests.test_iteration_8.TestAuth" name="test_focus_login" time="0.370" /><testcase classname="backend.tests.test_iteration_8.TestFocusShop" name="test_get_focus_shop" time="0.046" /><testcase classname="backend.tests.test_iteration_8.TestFocusShop" name="test_focus_shop_requires_auth" time="0.132" /><testcase classname="backend.tests.test_iteration_8.TestFocusShop" name="test_buy_unknown_item_404" time="0.047" /><testcase classname="backend.tests.test_iteration_8.TestFocusShop" name="test_buy_focus_item_deducts_gems" time="0.044"><skipped type="pytest.skip" message="Focus user has only 35 gems, cannot afford any item">/app/backend/tests/test_iteration_8.py:85: Focus user has only 35 gems, cannot afford any item</skipped></testcase><testcase classname="backend.tests.test_iteration_8.TestLevelRewards" name="test_get_level_rewards" time="0.049" /><testcase classname="backend.tests.test_iteration_8.TestLevelRewards" name="test_level_rewards_has_new_fields" time="0.048" /><testcase classname="backend.tests.test_iteration_8.TestFocusGems" name="test_focus_user_mode" time="0.046" /><testcase classname="backend.tests.test_iteration_8.TestFocusGems" name="test_complete_habit_awards_10_gems" time="0.321" /></testsuite></testsuites>