<?xml version="1.0" encoding="utf-8"?><testsuites name="pytest tests"><testsuite name="pytest" errors="0" failures="0" skipped="1" tests="12" time="3.222" timestamp="2026-04-21T22:13:41.951185+00:00" hostname="agent-env-697e2db0-0d53-4ebf-ae0e-c3152d472019"><testcase classname="backend.tests.test_decorations_v10.TestShopProfileItems" name="test_returns_decorations_array" time="0.634" /><testcase classname="backend.tests.test_decorations_v10.TestShopProfileItems" name="test_50_decorations_at_3000_gems" time="0.149" /><testcase classname="backend.tests.test_decorations_v10.TestShopProfileItems" name="test_known_keys_present" time="0.140" /><testcase classname="backend.tests.test_decorations_v10.TestBuyDecoration" name="test_buy_invalid_key_returns_404" time="0.148" /><testcase classname="backend.tests.test_decorations_v10.TestBuyDecoration" name="test_buy_with_insufficient_gems_returns_400" time="0.208" /><testcase classname="backend.tests.test_decorations_v10.TestBuyDecoration" name="test_invalid_type_returns_400" time="0.136" /><testcase classname="backend.tests.test_decorations_v10.TestEquipDecoration" name="test_equip_unowned_decoration_returns_400" time="0.438" /><testcase classname="backend.tests.test_decorations_v10.TestEquipDecoration" name="test_equip_null_decoration_succeeds" time="0.255" /><testcase classname="backend.tests.test_decorations_v10.TestEquipDecoration" name="test_equip_owned_decoration_persists" time="0.145"><skipped type="pytest.skip" message="Admin owns no decoration; skipping happy-path persist test">/app/backend/tests/test_decorations_v10.py:108: Admin owns no decoration; skipping happy-path persist test</skipped></testcase><testcase classname="backend.tests.test_decorations_v10.TestPublicProfileExposesDecoration" name="test_public_profile_includes_equipped_decoration" time="0.294" /><testcase classname="backend.tests.test_decorations_v10.TestRegressionExistingShopTabs" name="test_icons_animations_banners_present" time="0.113" /><testcase classname="backend.tests.test_decorations_v10.TestRegressionExistingShopTabs" name="test_login_focus_user_still_works" time="0.367" /></testsuite></testsuites>