<?xml version="1.0" encoding="utf-8"?><testsuites name="pytest tests"><testsuite name="pytest" errors="0" failures="0" skipped="0" tests="29" time="14.418" timestamp="2026-04-08T04:31:53.263332+00:00" hostname="agent-env-697e2db0-0d53-4ebf-ae0e-c3152d472019"><testcase classname="tests.test_habitrpg_api_v4.TestHealthAndBasics" name="test_api_root" time="0.191" /><testcase classname="tests.test_habitrpg_api_v4.TestHealthAndBasics" name="test_levels_endpoint" time="0.100" /><testcase classname="tests.test_habitrpg_api_v4.TestAuthentication" name="test_admin_login_game_mode" time="0.343" /><testcase classname="tests.test_habitrpg_api_v4.TestAuthentication" name="test_test_user_login_focus_mode" time="0.322" /><testcase classname="tests.test_habitrpg_api_v4.TestAuthentication" name="test_invalid_credentials" time="0.101" /><testcase classname="tests.test_habitrpg_api_v4.TestAuthentication" name="test_wrong_password" time="0.323" /><testcase classname="tests.test_habitrpg_api_v4.TestUserRegistrationAndOnboarding" name="test_register_new_user" time="0.395" /><testcase classname="tests.test_habitrpg_api_v4.TestUserRegistrationAndOnboarding" name="test_onboarding_flow" time="0.924" /><testcase classname="tests.test_habitrpg_api_v4.TestAuthenticatedUser" name="test_get_current_user" time="0.471" /><testcase classname="tests.test_habitrpg_api_v4.TestAuthenticatedUser" name="test_user_stats" time="0.450" /><testcase classname="tests.test_habitrpg_api_v4.TestAuthenticatedUser" name="test_mode_switch" time="0.626" /><testcase classname="tests.test_habitrpg_api_v4.TestHabits" name="test_create_habit" time="0.444" /><testcase classname="tests.test_habitrpg_api_v4.TestHabits" name="test_get_habits" time="0.455" /><testcase classname="tests.test_habitrpg_api_v4.TestHabits" name="test_get_todays_habits" time="0.433" /><testcase classname="tests.test_habitrpg_api_v4.TestHabits" name="test_habit_difficulty_xp_values" time="0.725" /><testcase classname="tests.test_habitrpg_api_v4.TestHabits" name="test_complete_and_uncomplete_habit" time="0.733" /><testcase classname="tests.test_habitrpg_api_v4.TestHabits" name="test_gem_earning_by_difficulty" time="0.745" /><testcase classname="tests.test_habitrpg_api_v4.TestShopSystem" name="test_get_shop_items" time="0.422" /><testcase classname="tests.test_habitrpg_api_v4.TestShopSystem" name="test_buy_streak_shield" time="0.642" /><testcase classname="tests.test_habitrpg_api_v4.TestShopSystem" name="test_buy_xp_boost" time="0.666" /><testcase classname="tests.test_habitrpg_api_v4.TestShopSystem" name="test_not_enough_gems" time="0.811" /><testcase classname="tests.test_habitrpg_api_v4.TestGameStatus" name="test_game_status" time="0.422" /><testcase classname="tests.test_habitrpg_api_v4.TestGameStatus" name="test_level_rewards" time="0.409" /><testcase classname="tests.test_habitrpg_api_v4.TestGameStatus" name="test_roast_endpoint" time="0.436" /><testcase classname="tests.test_habitrpg_api_v4.TestProgress" name="test_daily_progress" time="0.425" /><testcase classname="tests.test_habitrpg_api_v4.TestProgress" name="test_weekly_progress" time="0.424" /><testcase classname="tests.test_habitrpg_api_v4.TestTokenPersistence" name="test_bearer_token_auth" time="0.415" /><testcase classname="tests.test_habitrpg_api_v4.TestTokenPersistence" name="test_refresh_token" time="0.438" /><testcase classname="tests.test_habitrpg_api_v4.TestCleanup" name="test_cleanup_test_habits" time="0.962" /></testsuite></testsuites>