<?xml version="1.0" encoding="utf-8"?><testsuites name="pytest tests"><testsuite name="pytest" errors="0" failures="0" skipped="0" tests="9" time="2.684" timestamp="2026-04-20T03:49:03.925803+00:00" hostname="agent-env-697e2db0-0d53-4ebf-ae0e-c3152d472019"><testcase classname="backend.tests.test_progress_v5.TestAuth" name="test_admin_login" time="0.456" /><testcase classname="backend.tests.test_progress_v5.TestAuth" name="test_user_login" time="0.392" /><testcase classname="backend.tests.test_progress_v5.TestProgressDaily" name="test_daily_admin" time="0.489" /><testcase classname="backend.tests.test_progress_v5.TestProgressDaily" name="test_daily_user" time="0.503" /><testcase classname="backend.tests.test_progress_v5.TestProgressWeekly" name="test_weekly_admin" time="0.116" /><testcase classname="backend.tests.test_progress_v5.TestProgressWeekly" name="test_weekly_user" time="0.122" /><testcase classname="backend.tests.test_progress_v5.TestProgressMonthly" name="test_monthly_admin" time="0.182" /><testcase classname="backend.tests.test_progress_v5.TestProgressMonthly" name="test_monthly_user" time="0.109" /><testcase classname="backend.tests.test_progress_v5.TestProgressMonthly" name="test_monthly_unauth" time="0.113" /></testsuite></testsuites>