<?xml version="1.0" encoding="utf-8"?><testsuites name="pytest tests"><testsuite name="pytest" errors="0" failures="0" skipped="0" tests="13" time="1.969" timestamp="2026-04-21T03:58:57.252251+00:00" hostname="agent-env-697e2db0-0d53-4ebf-ae0e-c3152d472019"><testcase classname="backend.tests.test_shop_profile_v7" name="test_admin_login" time="0.424" /><testcase classname="backend.tests.test_shop_profile_v7" name="test_user_login" time="0.343" /><testcase classname="backend.tests.test_shop_profile_v7" name="test_shop_profile_items" time="0.047" /><testcase classname="backend.tests.test_shop_profile_v7" name="test_shop_boosts_has_5x_6x" time="0.054" /><testcase classname="backend.tests.test_shop_profile_v7" name="test_my_titles_endpoint" time="0.058" /><testcase classname="backend.tests.test_shop_profile_v7" name="test_public_profile_admin" time="0.110" /><testcase classname="backend.tests.test_shop_profile_v7" name="test_public_profile_not_found" time="0.108" /><testcase classname="backend.tests.test_shop_profile_v7" name="test_buy_icon_flow" time="0.285" /><testcase classname="backend.tests.test_shop_profile_v7" name="test_buy_invalid_type" time="0.046" /><testcase classname="backend.tests.test_shop_profile_v7" name="test_equip_unearned_title" time="0.044" /><testcase classname="backend.tests.test_shop_profile_v7" name="test_equip_unowned_animation" time="0.088" /><testcase classname="backend.tests.test_shop_profile_v7" name="test_equip_null_unequips" time="0.129" /><testcase classname="backend.tests.test_shop_profile_v7" name="test_shop_profile_items_requires_auth" time="0.110" /></testsuite></testsuites>