<?xml version="1.0" encoding="utf-8"?><testsuites name="pytest tests"><testsuite name="pytest" errors="0" failures="0" skipped="0" tests="25" time="9.701" timestamp="2026-04-02T03:34:53.214947+00:00" hostname="agent-env-697e2db0-0d53-4ebf-ae0e-c3152d472019"><testcase classname="backend.tests.test_habitrpg_api.TestHealthCheck" name="test_api_root" time="0.226" /><testcase classname="backend.tests.test_habitrpg_api.TestAuthentication" name="test_login_admin_game_mode" time="0.345" /><testcase classname="backend.tests.test_habitrpg_api.TestAuthentication" name="test_login_test_user_focus_mode" time="0.340" /><testcase classname="backend.tests.test_habitrpg_api.TestAuthentication" name="test_login_invalid_credentials" time="0.113" /><testcase classname="backend.tests.test_habitrpg_api.TestAuthentication" name="test_get_current_user" time="0.384" /><testcase classname="backend.tests.test_habitrpg_api.TestAuthentication" name="test_logout" time="0.423" /><testcase classname="backend.tests.test_habitrpg_api.TestAuthentication" name="test_register_new_user" time="0.362" /><testcase classname="backend.tests.test_habitrpg_api.TestOnboarding" name="test_onboarding_save_step" time="0.438" /><testcase classname="backend.tests.test_habitrpg_api.TestHabits" name="test_create_habit" time="0.383" /><testcase classname="backend.tests.test_habitrpg_api.TestHabits" name="test_get_habits" time="0.398" /><testcase classname="backend.tests.test_habitrpg_api.TestHabits" name="test_get_todays_habits" time="0.373" /><testcase classname="backend.tests.test_habitrpg_api.TestHabits" name="test_complete_habit_earns_xp_and_gems" time="0.493" /><testcase classname="backend.tests.test_habitrpg_api.TestHabits" name="test_uncomplete_habit" time="0.528" /><testcase classname="backend.tests.test_habitrpg_api.TestHabits" name="test_delete_habit" time="0.456" /><testcase classname="backend.tests.test_habitrpg_api.TestProgress" name="test_daily_progress" time="0.462" /><testcase classname="backend.tests.test_habitrpg_api.TestProgress" name="test_weekly_progress" time="0.380" /><testcase classname="backend.tests.test_habitrpg_api.TestLevels" name="test_get_levels" time="0.102" /><testcase classname="backend.tests.test_habitrpg_api.TestUserProfile" name="test_get_user_stats" time="0.375" /><testcase classname="backend.tests.test_habitrpg_api.TestUserProfile" name="test_switch_mode" time="0.498" /><testcase classname="backend.tests.test_habitrpg_api.TestUserProfile" name="test_update_notification_settings" time="0.390" /><testcase classname="backend.tests.test_habitrpg_api.TestGameMode" name="test_game_status" time="0.382" /><testcase classname="backend.tests.test_habitrpg_api.TestGameMode" name="test_shop_items" time="0.426" /><testcase classname="backend.tests.test_habitrpg_api.TestGameMode" name="test_level_rewards" time="0.392" /><testcase classname="backend.tests.test_habitrpg_api.TestGameMode" name="test_roast_endpoint" time="0.376" /><testcase classname="backend.tests.test_habitrpg_api.TestXPLevelConsistency" name="test_admin_xp_level_consistency" time="0.390" /></testsuite></testsuites>